<?xml version="1.0" encoding="UTF-8" ?>
<testsuite tests="4" failures="0" name="unittest.BackpropagationTest" time="0.008" errors="0" skipped="0">
  <properties>
[...]
</properties>
  <testcase classname="unittest.BackpropagationTest" name="testBackprop" time="0.008"/>
  <testcase classname="unittest.BackpropagationTest" name="testForwardTwoInputTwoHiddenTwoOutputNeuronsOneHiddenLayer" time="0"/>
  <testcase classname="unittest.BackpropagationTest" name="testForwardTwoInputTwoHiddenTwoOutputNeuronsThreeHiddenLayer" time="0"/>
  <testcase classname="unittest.BackpropagationTest" name="testForwardTwoInputTwoHiddenTwoOutputNeuronsTwoHiddenLayer" time="0"/>
</testsuite>